2018-01-27 13:38:44,700 Instabot Started
2018-01-27 13:39:31,582 Starting new HTTPS connection (1): i.instagram.com
2018-01-27 13:39:32,728 Resetting dropped connection: i.instagram.com
2018-01-27 13:39:34,101 Login success as _inspirata!
2018-01-27 13:39:34,102 Going to comment medias by dog hashtag
2018-01-27 13:39:34,108 Resetting dropped connection: i.instagram.com
2018-01-27 13:39:37,215 Received 84 medias.
2018-01-27 13:39:37,216 After filtration 84 medias left.
2018-01-27 13:39:37,216 Going to comment 84 medias.
2018-01-27 13:39:37,219 Resetting dropped connection: i.instagram.com
2018-01-27 13:39:37,708 Resetting dropped connection: i.instagram.com
2018-01-27 13:39:38,194 Bot stopped. Worked: 0:00:53.523738
2018-01-27 13:39:38,195 Total requests: 5
2018-01-27 13:45:22,771 Instabot Started
2018-01-27 13:45:24,605 Starting new HTTPS connection (1): i.instagram.com
2018-01-27 13:45:25,818 Resetting dropped connection: i.instagram.com
2018-01-27 13:45:27,291 Login success as _inspirata!
2018-01-27 13:45:27,316 Resetting dropped connection: i.instagram.com
2018-01-27 13:45:28,131 Received 8 medias.
2018-01-27 13:45:28,132 After filtration 0 medias left.
2018-01-27 13:45:28,132 Going to comment 0 medias.
2018-01-27 13:45:28,136 DONE: Total commented on 0 medias. 
2018-01-27 13:45:28,143 Resetting dropped connection: i.instagram.com
2018-01-27 13:45:28,958 Bot stopped. Worked: 0:06:44.287674
2018-01-27 13:45:28,959 Total requests: 6
2018-01-27 13:45:28,960 Bot stopped. Worked: 0:06:44.290636
2018-01-27 13:45:28,961 Total requests: 6
2018-01-27 13:47:15,006 Instabot Started
2018-01-27 13:47:17,843 Starting new HTTPS connection (1): i.instagram.com
2018-01-27 13:47:18,600 Resetting dropped connection: i.instagram.com
2018-01-27 13:47:19,444 Login success as _inspirata!
2018-01-27 13:47:19,470 Resetting dropped connection: i.instagram.com
2018-01-27 13:47:20,270 Received 8 medias.
2018-01-27 13:47:20,271 After filtration 0 medias left.
2018-01-27 13:47:20,271 Going to comment 0 medias.
2018-01-27 13:47:20,273 DONE: Total commented on 0 medias. 
2018-01-27 13:47:20,291 Resetting dropped connection: i.instagram.com
2018-01-27 13:47:21,151 Bot stopped. Worked: 0:08:36.481257
2018-01-27 13:47:21,152 Total requests: 8
2018-01-27 13:47:21,155 Bot stopped. Worked: 0:08:36.484714
2018-01-27 13:47:21,155 Total requests: 8
2018-01-27 13:51:59,430 Instabot Started
2018-01-27 13:52:00,940 Starting new HTTPS connection (1): i.instagram.com
2018-01-27 13:52:01,445 Resetting dropped connection: i.instagram.com
2018-01-27 13:52:02,743 Login success as _inspirata!
2018-01-27 13:52:02,762 Going to comment medias by dog hashtag
2018-01-27 13:52:02,766 Resetting dropped connection: i.instagram.com
2018-01-27 13:52:06,028 Received 78 medias.
2018-01-27 13:52:06,028 After filtration 78 medias left.
2018-01-27 13:52:06,028 Going to comment 78 medias.
2018-01-27 13:52:06,031 Resetting dropped connection: i.instagram.com
2018-01-27 13:52:06,957 Resetting dropped connection: i.instagram.com
2018-01-27 13:52:07,357 Bot stopped. Worked: 0:13:22.687594
2018-01-27 13:52:07,359 Total requests: 11
2018-01-27 13:52:57,013 Instabot Started
2018-01-27 13:53:04,087 Instabot Started
2018-01-27 13:53:05,300 Starting new HTTPS connection (1): i.instagram.com
2018-01-27 13:53:05,775 Resetting dropped connection: i.instagram.com
2018-01-27 13:53:06,698 Login success as _inspirata!
2018-01-27 13:53:06,706 Resetting dropped connection: i.instagram.com
2018-01-27 13:53:07,647 Received 8 medias.
2018-01-27 13:53:07,648 After filtration 0 medias left.
2018-01-27 13:53:07,648 Going to comment 0 medias.
2018-01-27 13:53:07,651 DONE: Total commented on 0 medias. 
2018-01-27 13:53:07,659 Resetting dropped connection: i.instagram.com
2018-01-27 13:53:08,080 Bot stopped. Worked: 0:14:23.410180
2018-01-27 13:53:08,081 Total requests: 12
2018-01-27 13:53:08,083 Bot stopped. Worked: 0:14:23.413305
2018-01-27 13:53:08,084 Total requests: 12
